La génération a démarré 10/12/2017 22:18:18.
     1>Projet "C:\Users\User\Documents\ESGI\5A 3DJV\Machine Learning\DLL\MLDll\MLDll.vcxproj" sur le nœud 2 (Build cible(s)).
     1>ClCompile:
         C:\Program Files (x86)\Microsoft Visual Studio 11.0\VC\bin\x86_amd64\CL.exe /c /Zi /nologo /W3 /WX- /Od /D WIN32 /D _DEBUG /D _WINDOWS /D _USRDLL /D MLDLL_EXPORTS /D _USING_V110_SDK71_ /D _WINDLL /D _UNICODE /D UNICODE /Gm /EHsc /RTC1 /MDd /GS /fp:precise /Zc:wchar_t /Zc:forScope /Yu"stdafx.h" /Fp"x64\Debug\MLDll.pch" /Fo"x64\Debug\\" /Fd"x64\Debug\vc110.pdb" /Gd /TP /errorReport:prompt TestCppLibrary.cpp
         TestCppLibrary.cpp
     1>TestCppLibrary.cpp(36): warning C4273: 'TestMultiply' : liaison DLL incohérente
                 c:\users\user\documents\esgi\5a 3djv\machine learning\dll\mldll\TestCppLibrary.h(10) : voir la définition précédente de 'TestMultiply'
     1>TestCppLibrary.cpp(41): warning C4273: 'TestDivide' : liaison DLL incohérente
                 c:\users\user\documents\esgi\5a 3djv\machine learning\dll\mldll\TestCppLibrary.h(11) : voir la définition précédente de 'TestDivide'
     1>TestCppLibrary.cpp(69): warning C4273: 'LinearRegression' : liaison DLL incohérente
                 c:\users\user\documents\esgi\5a 3djv\machine learning\dll\mldll\TestCppLibrary.h(12) : voir la définition précédente de 'LinearRegression'
     1>TestCppLibrary.cpp(142): warning C4273: 'PerceptronRosenblatt' : liaison DLL incohérente
                 c:\users\user\documents\esgi\5a 3djv\machine learning\dll\mldll\TestCppLibrary.h(14) : voir la définition précédente de 'PerceptronRosenblatt'
     1>TestCppLibrary.cpp(376): warning C4267: '=' : conversion de 'size_t' en 'int', perte possible de données
     1>TestCppLibrary.cpp(385): warning C4267: '=' : conversion de 'size_t' en 'int', perte possible de données
     1>TestCppLibrary.cpp(407): warning C4267: 'initialisation' : conversion de 'size_t' en 'int', perte possible de données
     1>TestCppLibrary.cpp(534): warning C4273: 'TestRefArrayOfInts' : liaison DLL incohérente
                 c:\users\user\documents\esgi\5a 3djv\machine learning\dll\mldll\TestCppLibrary.h(13) : voir la définition précédente de 'TestRefArrayOfInts'
       Link:
         C:\Program Files (x86)\Microsoft Visual Studio 11.0\VC\bin\x86_amd64\link.exe /ERRORREPORT:PROMPT /OUT:"C:\Users\User\Documents\ESGI\5A 3DJV\Machine Learning\DLL\x64\Debug\MLDll.dll" /INCREMENTAL /NOLOGO kernel32.lib user32.lib gdi32.lib winspool.lib comdlg32.lib advapi32.lib shell32.lib ole32.lib oleaut32.lib uuid.lib odbc32.lib odbccp32.lib /MANIFEST /MANIFESTUAC:"level='asInvoker' uiAccess='false'" /manifest:embed /DEBUG /PDB:"C:\Users\User\Documents\ESGI\5A 3DJV\Machine Learning\DLL\x64\Debug\MLDll.pdb" /SUBSYSTEM:WINDOWS,"5.02" /TLBID:1 /DYNAMICBASE /NXCOMPAT /IMPLIB:"C:\Users\User\Documents\ESGI\5A 3DJV\Machine Learning\DLL\x64\Debug\MLDll.lib" /MACHINE:X64 /DLL x64\Debug\stdafx.obj
         x64\Debug\TestCppLibrary.obj
         MLDll.vcxproj -> C:\Users\User\Documents\ESGI\5A 3DJV\Machine Learning\DLL\x64\Debug\MLDll.dll
     1>Génération du projet "C:\Users\User\Documents\ESGI\5A 3DJV\Machine Learning\DLL\MLDll\MLDll.vcxproj" terminée (Build cible(s)).

La génération a réussi.

Temps écoulé 00:00:02.04
